<?xml version="1.0" encoding="UTF-8"?>
<!-- Generated by org.testng.reporters.JUnitReportReporter -->
<testsuite hostname="LAPTOP-CO6233UV" failures="0" tests="1" name="com.testcase.SearchAdminTestCase" time="24.641" errors="0" timestamp="20 Jun 2022 06:37:30 GMT" skipped="0">
  <testcase classname="com.testcase.SearchAdminTestCase" name="searchTest" time="24.641"/>
</testsuite> <!-- com.testcase.SearchAdminTestCase -->
